<?xml version="1.0" encoding="UTF-8"?>
<testsuite xmlns:xsi="http://www.w3.org/2001/XMLSchema-instance" xsi:noNamespaceSchemaLocation="https://maven.apache.org/surefire/maven-surefire-plugin/xsd/surefire-test-report.xsd" version="3.0.2" name="com.example.demomaven.repository.ComponentRepositoryIntegrationTest" time="2.07" tests="7" errors="0" skipped="0" failures="0">
  <properties>
[...]
</properties>
  <testcase name="testFindAll" classname="com.example.demomaven.repository.ComponentRepositoryIntegrationTest" time="0.411">
    <system-out><![CDATA[18:36:52.527 [main] INFO org.springframework.test.context.support.AnnotationConfigContextLoaderUtils -- Could not detect default configuration classes for test class [com.example.demomaven.repository.ComponentRepositoryIntegrationTest]: ComponentRepositoryIntegrationTest does not declare any static, non-private, non-final, nested classes annotated with @Configuration.
18:36:52.586 [main] INFO org.springframework.boot.test.context.SpringBootTestContextBootstrapper -- Found @SpringBootConfiguration com.example.demomaven.DemomavenApplication for test class com.example.demomaven.repository.ComponentRepositoryIntegrationTest

  .   ____          _            __ _ _
 /\\ / ___'_ __ _ _(_)_ __  __ _ \ \ \ \
( ( )\___ | '_ | '_| | '_ \/ _` | \ \ \ \
 \\/  ___)| |_)| | | | | || (_| |  ) ) ) )
  '  |____| .__|_| |_|_| |_\__, | / / / /
 =========|_|==============|___/=/_/_/_/

 :: Spring Boot ::                (v3.4.5)

2025-05-19T18:36:52.825+03:00  INFO 58997 --- [demomaven] [           main] e.d.r.ComponentRepositoryIntegrationTest : Starting ComponentRepositoryIntegrationTest using Java 22.0.2 with PID 58997 (started by artemderkach in /Users/artemderkach/Downloads/demomaven)
2025-05-19T18:36:52.825+03:00  INFO 58997 --- [demomaven] [           main] e.d.r.ComponentRepositoryIntegrationTest : The following 1 profile is active: "test"
2025-05-19T18:36:52.992+03:00  INFO 58997 --- [demomaven] [           main] .s.d.r.c.RepositoryConfigurationDelegate : Bootstrapping Spring Data JPA repositories in DEFAULT mode.
2025-05-19T18:36:53.020+03:00  INFO 58997 --- [demomaven] [           main] .s.d.r.c.RepositoryConfigurationDelegate : Finished Spring Data repository scanning in 23 ms. Found 1 JPA repository interface.
2025-05-19T18:36:53.041+03:00  INFO 58997 --- [demomaven] [           main] beddedDataSourceBeanFactoryPostProcessor : Replacing 'dataSource' DataSource bean with embedded version
2025-05-19T18:36:53.078+03:00  INFO 58997 --- [demomaven] [           main] o.s.j.d.e.EmbeddedDatabaseFactory        : Starting embedded database: url='jdbc:h2:mem:2cc4b441-fa20-42fd-8da3-10d383b21a02;DB_CLOSE_DELAY=-1;DB_CLOSE_ON_EXIT=false', username='sa'
2025-05-19T18:36:53.213+03:00  INFO 58997 --- [demomaven] [           main] o.hibernate.jpa.internal.util.LogHelper  : HHH000204: Processing PersistenceUnitInfo [name: default]
2025-05-19T18:36:53.233+03:00  INFO 58997 --- [demomaven] [           main] org.hibernate.Version                    : HHH000412: Hibernate ORM core version 6.6.13.Final
2025-05-19T18:36:53.246+03:00  INFO 58997 --- [demomaven] [           main] o.h.c.internal.RegionFactoryInitiator    : HHH000026: Second-level cache disabled
2025-05-19T18:36:53.366+03:00  INFO 58997 --- [demomaven] [           main] o.s.o.j.p.SpringPersistenceUnitInfo      : No LoadTimeWeaver setup: ignoring JPA class transformer
2025-05-19T18:36:53.387+03:00  WARN 58997 --- [demomaven] [           main] org.hibernate.orm.deprecation            : HHH90000025: H2Dialect does not need to be specified explicitly using 'hibernate.dialect' (remove the property setting and it will be selected by default)
2025-05-19T18:36:53.396+03:00  INFO 58997 --- [demomaven] [           main] org.hibernate.orm.connections.pooling    : HHH10001005: Database info:
	Database JDBC URL [Connecting through datasource 'org.springframework.jdbc.datasource.embedded.EmbeddedDatabaseFactory$EmbeddedDataSourceProxy@25567581']
	Database driver: undefined/unknown
	Database version: 2.3.232
	Autocommit mode: undefined/unknown
	Isolation level: undefined/unknown
	Minimum pool size: undefined/unknown
	Maximum pool size: undefined/unknown
2025-05-19T18:36:53.726+03:00  INFO 58997 --- [demomaven] [           main] o.h.e.t.j.p.i.JtaPlatformInitiator       : HHH000489: No JTA platform available (set 'hibernate.transaction.jta.platform' to enable JTA platform integration)
Hibernate: 
    drop table if exists component cascade 
Hibernate: 
    create table component (
        power_consumption integer not null,
        id bigint generated by default as identity,
        description varchar(255),
        name varchar(255),
        type varchar(255),
        primary key (id)
    )
2025-05-19T18:36:53.740+03:00  INFO 58997 --- [demomaven] [           main] j.LocalContainerEntityManagerFactoryBean : Initialized JPA EntityManagerFactory for persistence unit 'default'
2025-05-19T18:36:53.894+03:00  INFO 58997 --- [demomaven] [           main] e.d.r.ComponentRepositoryIntegrationTest : Started ComponentRepositoryIntegrationTest in 1.272 seconds (process running for 1.726)
Hibernate: 
    select
        c1_0.id,
        c1_0.description,
        c1_0.name,
        c1_0.power_consumption,
        c1_0.type 
    from
        component c1_0
Hibernate: 
    insert 
    into
        component
        (description, name, power_consumption, type, id) 
    values
        (?, ?, ?, ?, default)
Hibernate: 
    insert 
    into
        component
        (description, name, power_consumption, type, id) 
    values
        (?, ?, ?, ?, default)
Hibernate: 
    insert 
    into
        component
        (description, name, power_consumption, type, id) 
    values
        (?, ?, ?, ?, default)
Hibernate: 
    select
        c1_0.id,
        c1_0.description,
        c1_0.name,
        c1_0.power_consumption,
        c1_0.type 
    from
        component c1_0
]]></system-out>
    <system-err><![CDATA[Mockito is currently self-attaching to enable the inline-mock-maker. This will no longer work in future releases of the JDK. Please add Mockito as an agent to your build what is described in Mockito's documentation: https://javadoc.io/doc/org.mockito/mockito-core/latest/org/mockito/Mockito.html#0.3
WARNING: A Java agent has been loaded dynamically (/Users/artemderkach/.m2/repository/net/bytebuddy/byte-buddy-agent/1.15.11/byte-buddy-agent-1.15.11.jar)
WARNING: If a serviceability tool is in use, please run with -XX:+EnableDynamicAgentLoading to hide this warning
WARNING: If a serviceability tool is not in use, please run with -Djdk.instrument.traceUsage for more information
WARNING: Dynamic loading of agents will be disallowed by default in a future release
]]></system-err>
  </testcase>
  <testcase name="testSave" classname="com.example.demomaven.repository.ComponentRepositoryIntegrationTest" time="0.01">
    <system-out><![CDATA[Hibernate: 
    select
        c1_0.id,
        c1_0.description,
        c1_0.name,
        c1_0.power_consumption,
        c1_0.type 
    from
        component c1_0
Hibernate: 
    insert 
    into
        component
        (description, name, power_consumption, type, id) 
    values
        (?, ?, ?, ?, default)
Hibernate: 
    insert 
    into
        component
        (description, name, power_consumption, type, id) 
    values
        (?, ?, ?, ?, default)
Hibernate: 
    insert 
    into
        component
        (description, name, power_consumption, type, id) 
    values
        (?, ?, ?, ?, default)
Hibernate: 
    insert 
    into
        component
        (description, name, power_consumption, type, id) 
    values
        (?, ?, ?, ?, default)
]]></system-out>
  </testcase>
  <testcase name="testFindByType" classname="com.example.demomaven.repository.ComponentRepositoryIntegrationTest" time="0.017">
    <system-out><![CDATA[Hibernate: 
    select
        c1_0.id,
        c1_0.description,
        c1_0.name,
        c1_0.power_consumption,
        c1_0.type 
    from
        component c1_0
Hibernate: 
    insert 
    into
        component
        (description, name, power_consumption, type, id) 
    values
        (?, ?, ?, ?, default)
Hibernate: 
    insert 
    into
        component
        (description, name, power_consumption, type, id) 
    values
        (?, ?, ?, ?, default)
Hibernate: 
    insert 
    into
        component
        (description, name, power_consumption, type, id) 
    values
        (?, ?, ?, ?, default)
Hibernate: 
    select
        c1_0.id,
        c1_0.description,
        c1_0.name,
        c1_0.power_consumption,
        c1_0.type 
    from
        component c1_0 
    where
        c1_0.type=?
Hibernate: 
    select
        c1_0.id,
        c1_0.description,
        c1_0.name,
        c1_0.power_consumption,
        c1_0.type 
    from
        component c1_0 
    where
        c1_0.type=?
Hibernate: 
    select
        c1_0.id,
        c1_0.description,
        c1_0.name,
        c1_0.power_consumption,
        c1_0.type 
    from
        component c1_0 
    where
        c1_0.type=?
Hibernate: 
    select
        c1_0.id,
        c1_0.description,
        c1_0.name,
        c1_0.power_consumption,
        c1_0.type 
    from
        component c1_0 
    where
        c1_0.type=?
]]></system-out>
  </testcase>
  <testcase name="testFindById" classname="com.example.demomaven.repository.ComponentRepositoryIntegrationTest" time="0.005">
    <system-out><![CDATA[Hibernate: 
    select
        c1_0.id,
        c1_0.description,
        c1_0.name,
        c1_0.power_consumption,
        c1_0.type 
    from
        component c1_0
Hibernate: 
    insert 
    into
        component
        (description, name, power_consumption, type, id) 
    values
        (?, ?, ?, ?, default)
Hibernate: 
    insert 
    into
        component
        (description, name, power_consumption, type, id) 
    values
        (?, ?, ?, ?, default)
Hibernate: 
    insert 
    into
        component
        (description, name, power_consumption, type, id) 
    values
        (?, ?, ?, ?, default)
]]></system-out>
  </testcase>
  <testcase name="testDeleteById" classname="com.example.demomaven.repository.ComponentRepositoryIntegrationTest" time="0.167">
    <system-out><![CDATA[Hibernate: 
    select
        c1_0.id,
        c1_0.description,
        c1_0.name,
        c1_0.power_consumption,
        c1_0.type 
    from
        component c1_0
Hibernate: 
    insert 
    into
        component
        (description, name, power_consumption, type, id) 
    values
        (?, ?, ?, ?, default)
Hibernate: 
    insert 
    into
        component
        (description, name, power_consumption, type, id) 
    values
        (?, ?, ?, ?, default)
Hibernate: 
    insert 
    into
        component
        (description, name, power_consumption, type, id) 
    values
        (?, ?, ?, ?, default)
Hibernate: 
    delete 
    from
        component 
    where
        id=?
Hibernate: 
    select
        count(*) 
    from
        component c1_0
Hibernate: 
    select
        c1_0.id,
        c1_0.description,
        c1_0.name,
        c1_0.power_consumption,
        c1_0.type 
    from
        component c1_0 
    where
        c1_0.id=?
]]></system-out>
  </testcase>
  <testcase name="testDelete" classname="com.example.demomaven.repository.ComponentRepositoryIntegrationTest" time="0.006">
    <system-out><![CDATA[Hibernate: 
    select
        c1_0.id,
        c1_0.description,
        c1_0.name,
        c1_0.power_consumption,
        c1_0.type 
    from
        component c1_0
Hibernate: 
    insert 
    into
        component
        (description, name, power_consumption, type, id) 
    values
        (?, ?, ?, ?, default)
Hibernate: 
    insert 
    into
        component
        (description, name, power_consumption, type, id) 
    values
        (?, ?, ?, ?, default)
Hibernate: 
    insert 
    into
        component
        (description, name, power_consumption, type, id) 
    values
        (?, ?, ?, ?, default)
Hibernate: 
    delete 
    from
        component 
    where
        id=?
Hibernate: 
    select
        count(*) 
    from
        component c1_0
Hibernate: 
    select
        c1_0.id,
        c1_0.description,
        c1_0.name,
        c1_0.power_consumption,
        c1_0.type 
    from
        component c1_0 
    where
        c1_0.id=?
]]></system-out>
  </testcase>
  <testcase name="testFindByNonExistingId" classname="com.example.demomaven.repository.ComponentRepositoryIntegrationTest" time="0.006">
    <system-out><![CDATA[Hibernate: 
    select
        c1_0.id,
        c1_0.description,
        c1_0.name,
        c1_0.power_consumption,
        c1_0.type 
    from
        component c1_0
Hibernate: 
    insert 
    into
        component
        (description, name, power_consumption, type, id) 
    values
        (?, ?, ?, ?, default)
Hibernate: 
    insert 
    into
        component
        (description, name, power_consumption, type, id) 
    values
        (?, ?, ?, ?, default)
Hibernate: 
    insert 
    into
        component
        (description, name, power_consumption, type, id) 
    values
        (?, ?, ?, ?, default)
Hibernate: 
    select
        c1_0.id,
        c1_0.description,
        c1_0.name,
        c1_0.power_consumption,
        c1_0.type 
    from
        component c1_0 
    where
        c1_0.id=?
]]></system-out>
  </testcase>
</testsuite>